Determining if the pthread_create exist failed with the following output:
Change Dir: /home/nishant/gsoc/3d-auv-simulator/catkin_workspace/build/CMakeFiles/CMakeTmp

Run Build Command:/usr/bin/make "cmTryCompileExec3112413773/fast"
/usr/bin/make -f CMakeFiles/cmTryCompileExec3112413773.dir/build.make CMakeFiles/cmTryCompileExec3112413773.dir/build
make[1]: Entering directory `/home/nishant/gsoc/3d-auv-simulator/catkin_workspace/build/CMakeFiles/CMakeTmp'
/usr/bin/cmake -E cmake_progress_report /home/nishant/gsoc/3d-auv-simulator/catkin_workspace/build/CMakeFiles/CMakeTmp/CMakeFiles 1
Building C object CMakeFiles/cmTryCompileExec3112413773.dir/CheckSymbolExists.c.o
/usr/bin/cc    -o CMakeFiles/cmTryCompileExec3112413773.dir/CheckSymbolExists.c.o   -c /home/nishant/gsoc/3d-auv-simulator/catkin_workspace/build/CMakeFiles/CMakeTmp/CheckSymbolExists.c
Linking C executable cmTryCompileExec3112413773
/usr/bin/cmake -E cmake_link_script CMakeFiles/cmTryCompileExec3112413773.dir/link.txt --verbose=1
/usr/bin/cc         CMakeFiles/cmTryCompileExec3112413773.dir/CheckSymbolExists.c.o  -o cmTryCompileExec3112413773 -rdynamic 
CMakeFiles/cmTryCompileExec3112413773.dir/CheckSymbolExists.c.o: In function `main':
CheckSymbolExists.c:(.text+0x16): undefined reference to `pthread_create'
collect2: error: ld returned 1 exit status
make[1]: *** [cmTryCompileExec3112413773] Error 1
make[1]: Leaving directory `/home/nishant/gsoc/3d-auv-simulator/catkin_workspace/build/CMakeFiles/CMakeTmp'
make: *** [cmTryCompileExec3112413773/fast] Error 2

File /home/nishant/gsoc/3d-auv-simulator/catkin_workspace/build/CMakeFiles/CMakeTmp/CheckSymbolExists.c:
/* */
#include <pthread.h>

int main(int argc, char** argv)
{
  (void)argv;
#ifndef pthread_create
  return ((int*)(&pthread_create))[argc];
#else
  (void)argc;
  return 0;
#endif
}

Determining if the function pthread_create exists in the pthreads failed with the following output:
Change Dir: /home/nishant/gsoc/3d-auv-simulator/catkin_workspace/build/CMakeFiles/CMakeTmp

Run Build Command:/usr/bin/make "cmTryCompileExec3544492419/fast"
/usr/bin/make -f CMakeFiles/cmTryCompileExec3544492419.dir/build.make CMakeFiles/cmTryCompileExec3544492419.dir/build
make[1]: Entering directory `/home/nishant/gsoc/3d-auv-simulator/catkin_workspace/build/CMakeFiles/CMakeTmp'
/usr/bin/cmake -E cmake_progress_report /home/nishant/gsoc/3d-auv-simulator/catkin_workspace/build/CMakeFiles/CMakeTmp/CMakeFiles 1
Building C object CMakeFiles/cmTryCompileExec3544492419.dir/CheckFunctionExists.c.o
/usr/bin/cc   -DCHECK_FUNCTION_EXISTS=pthread_create   -o CMakeFiles/cmTryCompileExec3544492419.dir/CheckFunctionExists.c.o   -c /usr/share/cmake-2.8/Modules/CheckFunctionExists.c
Linking C executable cmTryCompileExec3544492419
/usr/bin/cmake -E cmake_link_script CMakeFiles/cmTryCompileExec3544492419.dir/link.txt --verbose=1
/usr/bin/cc     -DCHECK_FUNCTION_EXISTS=pthread_create    CMakeFiles/cmTryCompileExec3544492419.dir/CheckFunctionExists.c.o  -o cmTryCompileExec3544492419 -rdynamic -lpthreads 
/usr/bin/ld: cannot find -lpthreads
collect2: error: ld returned 1 exit status
make[1]: *** [cmTryCompileExec3544492419] Error 1
make[1]: Leaving directory `/home/nishant/gsoc/3d-auv-simulator/catkin_workspace/build/CMakeFiles/CMakeTmp'
make: *** [cmTryCompileExec3544492419/fast] Error 2


